#
# There is insufficient memory for the Java Runtime Environment to continue.
# Native memory allocation (mmap) failed to map 33554432 bytes for Failed to commit area from 0x0000000089c00000 to 0x000000008bc00000 of length 33554432.
# Possible reasons:
#   The system is out of physical RAM or swap space
#   The process is running with CompressedOops enabled, and the Java Heap may be blocking the growth of the native heap
# Possible solutions:
#   Reduce memory load on the system
#   Increase physical memory or swap space
#   Check if swap backing store is full
#   Decrease Java heap size (-Xmx/-Xms)
#   Decrease number of Java threads
#   Decrease Java thread stack sizes (-Xss)
#   Set larger code cache with -XX:ReservedCodeCacheSize=
#   JVM is running with Unscaled Compressed Oops mode in which the Java heap is
#     placed in the first 4GB address space. The Java Heap base address is the
#     maximum limit for the native heap growth. Please use -XX:HeapBaseMinAddress
#     to set the Java Heap base and to place the Java Heap above 4GB virtual address.
# This output file may be truncated or incomplete.
#
#  Out of Memory Error (./src/hotspot/os/windows/os_windows.cpp:3301), pid=7896, tid=4244
#
# JRE version: OpenJDK Runtime Environment (11.0.11+9) (build 11.0.11+9-b60-7590822)
# Java VM: OpenJDK 64-Bit Server VM (11.0.11+9-b60-7590822, mixed mode, tiered, compressed oops, g1 gc, windows-amd64)
# No core dump will be written. Minidumps are not enabled by default on client versions of Windows
#

---------------  S U M M A R Y ------------

Command Line: --add-opens=java.base/java.util=ALL-UNNAMED --add-opens=java.base/java.lang=ALL-UNNAMED --add-opens=java.base/java.lang.invoke=ALL-UNNAMED --add-opens=java.base/java.util=ALL-UNNAMED --add-opens=java.prefs/java.util.prefs=ALL-UNNAMED --add-opens=java.prefs/java.util.prefs=ALL-UNNAMED --add-opens=java.base/java.nio.charset=ALL-UNNAMED --add-opens=java.base/java.net=ALL-UNNAMED --add-opens=java.base/java.util.concurrent.atomic=ALL-UNNAMED -Xmx2048m -Dfile.encoding=UTF-8 -Duser.country=419 -Duser.language=es -Duser.variant org.gradle.launcher.daemon.bootstrap.GradleDaemon 7.2

Host: Intel(R) Pentium(R) CPU N4200 @ 1.10GHz, 4 cores, 3G,  Windows 10 , 64 bit Build 10586 (10.0.10586.0)
Time: Thu Mar  3 00:00:47 2022 Hora estándar central (México) elapsed time: 242.330034 seconds (0d 0h 4m 2s)

---------------  T H R E A D  ---------------

Current thread (0x0000019e3681d800):  VMThread "VM Thread" [stack: 0x0000003378000000,0x0000003378100000] [id=4244]

Stack: [0x0000003378000000,0x0000003378100000]
[error occurred during error reporting (printing stack bounds), id 0xc0000005, EXCEPTION_ACCESS_VIOLATION (0xc0000005) at pc=0x0000019e1fff0f3d]

Native frames: (J=compiled Java code, j=interpreted, Vv=VM code, C=native code)
V  [jvm.dll+0x5f214a]
V  [jvm.dll+0x726fb5]
V  [jvm.dll+0x7285cd]
V  [jvm.dll+0x728be5]
V  [jvm.dll+0x728b9b]
V  [jvm.dll+0x5f14e8]
V  [jvm.dll+0x5f1c78]
C  [ntdll.dll+0xa976d]
C  [ntdll.dll+0x34c19]
C  [ntdll.dll+0xa887a]
C  0x0000019e1fff0f3d

VM_Operation (0x000000337b2f85c0): G1CollectForAllocation, mode: safepoint, requested by thread 0x0000019e3b2c3800


---------------  P R O C E S S  ---------------

Threads class SMR info:
_java_thread_list=0x0000019e3e0cdd00, length=85, elements={
0x0000019e1c4c1800, 0x0000019e36823800, 0x0000019e3682e000, 0x0000019e36883800,
0x0000019e36886800, 0x0000019e36887800, 0x0000019e36888800, 0x0000019e37201800,
0x0000019e37205000, 0x0000019e372fc800, 0x0000019e38b35000, 0x0000019e376fd800,
0x0000019e3843b800, 0x0000019e39d68800, 0x0000019e394d2000, 0x0000019e3994e000,
0x0000019e3825f800, 0x0000019e39c5d800, 0x0000019e3997c000, 0x0000019e3997a800,
0x0000019e3997b800, 0x0000019e39979000, 0x0000019e3997d000, 0x0000019e39979800,
0x0000019e39977000, 0x0000019e3997e000, 0x0000019e39978000, 0x0000019e3b2ba800,
0x0000019e3b2bc800, 0x0000019e3b2ba000, 0x0000019e3b2c0800, 0x0000019e3b2bb800,
0x0000019e3b2c2000, 0x0000019e3b2c3000, 0x0000019e3b2bd000, 0x0000019e3b2c3800,
0x0000019e3b2c5800, 0x0000019e3b2c6000, 0x0000019e3b2c7000, 0x0000019e3b2c4800,
0x0000019e3b2c8000, 0x0000019e3b2c8800, 0x0000019e39ae7800, 0x0000019e39ae7000,
0x0000019e39ae2000, 0x0000019e39ae8800, 0x0000019e39ae2800, 0x0000019e39ae9800,
0x0000019e39ae5000, 0x0000019e39ae3800, 0x0000019e39aea000, 0x0000019e39ae4800,
0x0000019e39aeb000, 0x0000019e39aeb800, 0x0000019e39ae6000, 0x0000019e39aef000,
0x0000019e39aec800, 0x0000019e39af0000, 0x0000019e39aed800, 0x0000019e39af0800,
0x0000019e39aee000, 0x0000019e37f81000, 0x0000019e37f82800, 0x0000019e37f83800,
0x0000019e37f82000, 0x0000019e37f86000, 0x0000019e37f86800, 0x0000019e37f84000,
0x0000019e37f85000, 0x0000019e37f89000, 0x0000019e37f8a000, 0x0000019e37f8b800,
0x0000019e37f87800, 0x0000019e37f88800, 0x0000019e37f8b000, 0x0000019e37f8e000,
0x0000019e37f8f800, 0x0000019e3d3d7000, 0x0000019e3d3d4000, 0x0000019e3d3d1800,
0x0000019e3d3d2000, 0x0000019e3d3d8000, 0x0000019e3d3d9000, 0x0000019e3d3d9800,
0x0000019e3d3d4800
}

Java Threads: ( => current thread )
  0x0000019e1c4c1800 JavaThread "main" [_thread_blocked, id=7484, stack(0x0000003377a00000,0x0000003377b00000)]
  0x0000019e36823800 JavaThread "Reference Handler" daemon [_thread_blocked, id=4784, stack(0x0000003378100000,0x0000003378200000)]
  0x0000019e3682e000 JavaThread "Finalizer" daemon [_thread_blocked, id=7860, stack(0x0000003378200000,0x0000003378300000)]
  0x0000019e36883800 JavaThread "Signal Dispatcher" daemon [_thread_blocked, id=2180, stack(0x0000003378300000,0x0000003378400000)]
  0x0000019e36886800 JavaThread "Attach Listener" daemon [_thread_blocked, id=6800, stack(0x0000003378400000,0x0000003378500000)]
  0x0000019e36887800 JavaThread "Service Thread" daemon [_thread_blocked, id=6076, stack(0x0000003378500000,0x0000003378600000)]
  0x0000019e36888800 JavaThread "C2 CompilerThread0" daemon [_thread_blocked, id=440, stack(0x0000003378600000,0x0000003378700000)]
  0x0000019e37201800 JavaThread "C1 CompilerThread0" daemon [_thread_blocked, id=8176, stack(0x0000003378700000,0x0000003378800000)]
  0x0000019e37205000 JavaThread "Sweeper thread" daemon [_thread_blocked, id=4048, stack(0x0000003378800000,0x0000003378900000)]
  0x0000019e372fc800 JavaThread "Common-Cleaner" daemon [_thread_blocked, id=7388, stack(0x0000003378900000,0x0000003378a00000)]
  0x0000019e38b35000 JavaThread "Daemon health stats" [_thread_blocked, id=6748, stack(0x0000003378e00000,0x0000003378f00000)]
  0x0000019e376fd800 JavaThread "Incoming local TCP Connector on port 7147" [_thread_in_native, id=5800, stack(0x0000003378f00000,0x0000003379000000)]
  0x0000019e3843b800 JavaThread "Daemon periodic checks" [_thread_blocked, id=6416, stack(0x0000003379000000,0x0000003379100000)]
  0x0000019e39d68800 JavaThread "Daemon" [_thread_blocked, id=6332, stack(0x0000003379100000,0x0000003379200000)]
  0x0000019e394d2000 JavaThread "Handler for socket connection from /127.0.0.1:7147 to /127.0.0.1:7148" [_thread_in_native, id=4872, stack(0x0000003379200000,0x0000003379300000)]
  0x0000019e3994e000 JavaThread "Cancel handler" [_thread_blocked, id=7584, stack(0x0000003379300000,0x0000003379400000)]
  0x0000019e3825f800 JavaThread "Daemon worker" [_thread_blocked, id=2740, stack(0x0000003379400000,0x0000003379500000)]
  0x0000019e39c5d800 JavaThread "Asynchronous log dispatcher for DefaultDaemonConnection: socket connection from /127.0.0.1:7147 to /127.0.0.1:7148" [_thread_blocked, id=7944, stack(0x0000003379500000,0x0000003379600000)]
  0x0000019e3997c000 JavaThread "Daemon client event forwarder" [_thread_blocked, id=5740, stack(0x0000003379700000,0x0000003379800000)]
  0x0000019e3997a800 JavaThread "Cache worker for journal cache (D:\Alondra\AndroidStudioProjects\caches\journal-1)" [_thread_blocked, id=6420, stack(0x0000003379a00000,0x0000003379b00000)]
  0x0000019e3997b800 JavaThread "File lock request listener" [_thread_in_native, id=4020, stack(0x0000003379b00000,0x0000003379c00000)]
  0x0000019e39979000 JavaThread "Cache worker for file hash cache (D:\Alondra\AndroidStudioProjects\caches\7.2\fileHashes)" [_thread_blocked, id=7252, stack(0x0000003379c00000,0x0000003379d00000)]
  0x0000019e3997d000 JavaThread "Cache worker for file hash cache (D:\Alondra\Kotlin\.gradle\7.2\fileHashes)" [_thread_blocked, id=3216, stack(0x0000003379e00000,0x0000003379f00000)]
  0x0000019e39979800 JavaThread "Cache worker for checksums cache (D:\Alondra\Kotlin\.gradle\checksums)" [_thread_blocked, id=7300, stack(0x000000337a000000,0x000000337a100000)]
  0x0000019e39977000 JavaThread "Cache worker for cache directory md-supplier (D:\Alondra\AndroidStudioProjects\caches\7.2\md-supplier)" [_thread_blocked, id=7604, stack(0x000000337a100000,0x000000337a200000)]
  0x0000019e3997e000 JavaThread "Cache worker for cache directory md-rule (D:\Alondra\AndroidStudioProjects\caches\7.2\md-rule)" [_thread_blocked, id=4904, stack(0x000000337a200000,0x000000337a300000)]
  0x0000019e39978000 JavaThread "Cache worker for execution history cache (D:\Alondra\AndroidStudioProjects\caches\7.2\executionHistory)" [_thread_blocked, id=6664, stack(0x000000337a300000,0x000000337a400000)]
  0x0000019e3b2ba800 JavaThread "jar transforms" [_thread_blocked, id=6056, stack(0x000000337a500000,0x000000337a600000)]
  0x0000019e3b2bc800 JavaThread "Cache worker for file content cache (D:\Alondra\AndroidStudioProjects\caches\7.2\fileContent)" [_thread_blocked, id=4504, stack(0x000000337a600000,0x000000337a700000)]
  0x0000019e3b2ba000 JavaThread "jar transforms Thread 2" [_thread_blocked, id=5488, stack(0x000000337a700000,0x000000337a800000)]
  0x0000019e3b2c0800 JavaThread "Cache worker for dependencies-accessors (D:\Alondra\Kotlin\.gradle\7.2\dependencies-accessors)" [_thread_blocked, id=7044, stack(0x000000337a800000,0x000000337a900000)]
  0x0000019e3b2bb800 JavaThread "jar transforms Thread 3" [_thread_blocked, id=7780, stack(0x000000337a900000,0x000000337aa00000)]
  0x0000019e3b2c2000 JavaThread "Cache worker for Build Output Cleanup Cache (D:\Alondra\Kotlin\.gradle\buildOutputCleanup)" [_thread_blocked, id=6060, stack(0x000000337ac00000,0x000000337ad00000)]
  0x0000019e3b2c3000 JavaThread "Unconstrained build operations" [_thread_blocked, id=6752, stack(0x000000337b000000,0x000000337b100000)]
  0x0000019e3b2bd000 JavaThread "Unconstrained build operations Thread 2" [_thread_blocked, id=3960, stack(0x000000337b100000,0x000000337b200000)]
  0x0000019e3b2c3800 JavaThread "Unconstrained build operations Thread 3" [_thread_blocked, id=7788, stack(0x000000337b200000,0x000000337b300000)]
  0x0000019e3b2c5800 JavaThread "Unconstrained build operations Thread 4" [_thread_blocked, id=6364, stack(0x000000337b300000,0x000000337b400000)]
  0x0000019e3b2c6000 JavaThread "Unconstrained build operations Thread 5" [_thread_blocked, id=6712, stack(0x000000337b400000,0x000000337b500000)]
  0x0000019e3b2c7000 JavaThread "Unconstrained build operations Thread 6" [_thread_blocked, id=1068, stack(0x000000337b500000,0x000000337b600000)]
  0x0000019e3b2c4800 JavaThread "Unconstrained build operations Thread 7" [_thread_blocked, id=7532, stack(0x000000337b600000,0x000000337b700000)]
  0x0000019e3b2c8000 JavaThread "Unconstrained build operations Thread 8" [_thread_blocked, id=6832, stack(0x000000337b700000,0x000000337b800000)]
  0x0000019e3b2c8800 JavaThread "Unconstrained build operations Thread 9" [_thread_blocked, id=1948, stack(0x000000337b800000,0x000000337b900000)]
  0x0000019e39ae7800 JavaThread "Unconstrained build operations Thread 10" [_thread_blocked, id=1364, stack(0x000000337b900000,0x000000337ba00000)]
  0x0000019e39ae7000 JavaThread "Unconstrained build operations Thread 11" [_thread_blocked, id=6388, stack(0x000000337ba00000,0x000000337bb00000)]
  0x0000019e39ae2000 JavaThread "Unconstrained build operations Thread 12" [_thread_blocked, id=7344, stack(0x000000337bb00000,0x000000337bc00000)]
  0x0000019e39ae8800 JavaThread "Unconstrained build operations Thread 13" [_thread_blocked, id=7992, stack(0x000000337bc00000,0x000000337bd00000)]
  0x0000019e39ae2800 JavaThread "Unconstrained build operations Thread 14" [_thread_blocked, id=6696, stack(0x000000337bd00000,0x000000337be00000)]
  0x0000019e39ae9800 JavaThread "Unconstrained build operations Thread 15" [_thread_blocked, id=6280, stack(0x000000337be00000,0x000000337bf00000)]
  0x0000019e39ae5000 JavaThread "Unconstrained build operations Thread 16" [_thread_blocked, id=4984, stack(0x000000337bf00000,0x000000337c000000)]
  0x0000019e39ae3800 JavaThread "Unconstrained build operations Thread 17" [_thread_blocked, id=4760, stack(0x000000337c000000,0x000000337c100000)]
  0x0000019e39aea000 JavaThread "Unconstrained build operations Thread 18" [_thread_blocked, id=6092, stack(0x000000337c100000,0x000000337c200000)]
  0x0000019e39ae4800 JavaThread "Unconstrained build operations Thread 19" [_thread_blocked, id=7508, stack(0x000000337c200000,0x000000337c300000)]
  0x0000019e39aeb000 JavaThread "Unconstrained build operations Thread 20" [_thread_blocked, id=1840, stack(0x000000337c300000,0x000000337c400000)]
  0x0000019e39aeb800 JavaThread "Unconstrained build operations Thread 21" [_thread_blocked, id=6372, stack(0x000000337c400000,0x000000337c500000)]
  0x0000019e39ae6000 JavaThread "Unconstrained build operations Thread 22" [_thread_blocked, id=6628, stack(0x000000337c500000,0x000000337c600000)]
  0x0000019e39aef000 JavaThread "Unconstrained build operations Thread 23" [_thread_blocked, id=5008, stack(0x000000337c600000,0x000000337c700000)]
  0x0000019e39aec800 JavaThread "Unconstrained build operations Thread 24" [_thread_blocked, id=5204, stack(0x000000337c700000,0x000000337c800000)]
  0x0000019e39af0000 JavaThread "Unconstrained build operations Thread 25" [_thread_blocked, id=4272, stack(0x000000337c800000,0x000000337c900000)]
  0x0000019e39aed800 JavaThread "Unconstrained build operations Thread 26" [_thread_blocked, id=5916, stack(0x000000337c900000,0x000000337ca00000)]
  0x0000019e39af0800 JavaThread "Unconstrained build operations Thread 27" [_thread_blocked, id=2020, stack(0x000000337ca00000,0x000000337cb00000)]
  0x0000019e39aee000 JavaThread "Unconstrained build operations Thread 28" [_thread_blocked, id=6600, stack(0x000000337cb00000,0x000000337cc00000)]
  0x0000019e37f81000 JavaThread "Unconstrained build operations Thread 29" [_thread_blocked, id=7876, stack(0x000000337cc00000,0x000000337cd00000)]
  0x0000019e37f82800 JavaThread "Unconstrained build operations Thread 30" [_thread_blocked, id=1004, stack(0x000000337cd00000,0x000000337ce00000)]
  0x0000019e37f83800 JavaThread "Unconstrained build operations Thread 31" [_thread_blocked, id=6124, stack(0x000000337ce00000,0x000000337cf00000)]
  0x0000019e37f82000 JavaThread "Unconstrained build operations Thread 32" [_thread_blocked, id=5888, stack(0x000000337cf00000,0x000000337d000000)]
  0x0000019e37f86000 JavaThread "Unconstrained build operations Thread 33" [_thread_blocked, id=4544, stack(0x000000337d000000,0x000000337d100000)]
  0x0000019e37f86800 JavaThread "Unconstrained build operations Thread 34" [_thread_blocked, id=7596, stack(0x000000337d100000,0x000000337d200000)]
  0x0000019e37f84000 JavaThread "Unconstrained build operations Thread 35" [_thread_blocked, id=3332, stack(0x000000337d200000,0x000000337d300000)]
  0x0000019e37f85000 JavaThread "Unconstrained build operations Thread 36" [_thread_blocked, id=4072, stack(0x000000337d300000,0x000000337d400000)]
  0x0000019e37f89000 JavaThread "Unconstrained build operations Thread 37" [_thread_blocked, id=7856, stack(0x000000337d400000,0x000000337d500000)]
  0x0000019e37f8a000 JavaThread "Unconstrained build operations Thread 38" [_thread_blocked, id=6660, stack(0x000000337d500000,0x000000337d600000)]
  0x0000019e37f8b800 JavaThread "Unconstrained build operations Thread 39" [_thread_blocked, id=4368, stack(0x000000337d600000,0x000000337d700000)]
  0x0000019e37f87800 JavaThread "Unconstrained build operations Thread 40" [_thread_blocked, id=4748, stack(0x000000337d700000,0x000000337d800000)]
  0x0000019e37f88800 JavaThread "jar transforms Thread 4" [_thread_blocked, id=960, stack(0x000000337d900000,0x000000337da00000)]
  0x0000019e37f8b000 JavaThread "Memory manager" [_thread_blocked, id=7760, stack(0x000000337de00000,0x000000337df00000)]
  0x0000019e37f8e000 JavaThread "build event listener" [_thread_blocked, id=2996, stack(0x000000337e600000,0x000000337e700000)]
  0x0000019e37f8f800 JavaThread "Execution worker for ':'" [_thread_blocked, id=3888, stack(0x000000337e700000,0x000000337e800000)]
  0x0000019e3d3d7000 JavaThread "Execution worker for ':' Thread 2" [_thread_blocked, id=7328, stack(0x000000337e800000,0x000000337e900000)]
  0x0000019e3d3d4000 JavaThread "Execution worker for ':' Thread 3" [_thread_blocked, id=4636, stack(0x000000337e900000,0x000000337ea00000)]
  0x0000019e3d3d1800 JavaThread "Cache worker for execution history cache (D:\Alondra\Kotlin\.gradle\7.2\executionHistory)" [_thread_blocked, id=4312, stack(0x000000337ea00000,0x000000337eb00000)]
  0x0000019e3d3d2000 JavaThread "RMI Scheduler(0)" daemon [_thread_blocked, id=8108, stack(0x000000337f800000,0x000000337f900000)]
  0x0000019e3d3d8000 JavaThread "RMI GC Daemon" daemon [_thread_blocked, id=5844, stack(0x000000337fa00000,0x000000337fb00000)]
  0x0000019e3d3d9000 JavaThread "RMI TCP Accept-0" daemon [_thread_in_native, id=1060, stack(0x000000337fb00000,0x000000337fc00000)]
  0x0000019e3d3d9800 JavaThread "RMI Reaper" [_thread_blocked, id=7580, stack(0x000000337fc00000,0x000000337fd00000)]
  0x0000019e3d3d4800 JavaThread "RMI TCP Connection(idle)" daemon [_thread_blocked, id=1152, stack(0x000000337fd00000,0x000000337fe00000)]

Other Threads:
=>0x0000019e3681d800 VMThread "VM Thread" [stack: 0x0000003378000000,0x0000003378100000] [id=4244]
  0x0000019e3734d000 WatcherThread [stack: 0x0000003378a00000,0x0000003378b00000] [id=1956]
  0x0000019e1c4db000 GCTaskThread "GC Thread#0" [stack: 0x0000003377b00000,0x0000003377c00000] [id=860]
  0x0000019e37693000 GCTaskThread "GC Thread#1" [stack: 0x0000003378c00000,0x0000003378d00000] [id=6492]
  0x0000019e39be2800 GCTaskThread "GC Thread#2" [stack: 0x0000003379800000,0x0000003379900000] [id=7872]
  0x0000019e39644800 GCTaskThread "GC Thread#3" [stack: 0x0000003379900000,0x0000003379a00000] [id=7632]
  0x0000019e1c50b000 ConcurrentGCThread "G1 Main Marker" [stack: 0x0000003377c00000,0x0000003377d00000] [id=5656]
  0x0000019e1c50c800 ConcurrentGCThread "G1 Conc#0" [stack: 0x0000003377d00000,0x0000003377e00000] [id=3868]
  0x0000019e1c56e000 ConcurrentGCThread "G1 Refine#0" [stack: 0x0000003377e00000,0x0000003377f00000] [id=3832]
  0x0000019e1c56f000 ConcurrentGCThread "G1 Young RemSet Sampling" [stack: 0x0000003377f00000,0x0000003378000000] [id=4956]

Threads with active compile tasks:
C2 CompilerThread0 242417 16930       4       com.android.tools.r8.internal.pe1::a (455 bytes)

VM state:at safepoint (normal execution)

VM Mutex/Monitor currently owned by a thread:  ([mutex/lock_event])
[0x0000019e1c4c0890] Threads_lock - owner thread: 0x0000019e3681d800
[0x0000019e1c4c0da0] Heap_lock - owner thread: 0x0000019e3b2c3800

Heap address: 0x0000000080000000, size: 2048 MB, Compressed Oops mode: 32-bit
Narrow klass base: 0x0000000000000000, Narrow klass shift: 3
Compressed class space size: 1073741824 Address: 0x0000000100000000

Heap:
 garbage-first heap   total 192512K, used 118693K [0x0000000080000000, 0x0000000100000000)
  region size 1024K, 2 young (2048K), 2 survivors (2048K)
 Metaspace       used 113791K, capacity 116575K, committed 116604K, reserved 1150976K
  class space    used 14745K, capacity 15849K, committed 15872K, reserved 1048576K
Heap Regions: E=young(eden), S=young(survivor), O=old, HS=humongous(starts), HC=humongous(continues), CS=collection set, F=free, A=archive, TAMS=top-at-mark-start (previous, next)
|   0|0x0000000080000000, 0x0000000080100000, 0x0000000080100000|100%| O|  |TAMS 0x0000000080100000, 0x0000000080000000| Untracked 
|   1|0x0000000080100000, 0x0000000080200000, 0x0000000080200000|100%| O|  |TAMS 0x0000000080200000, 0x0000000080100000| Complete 
|   2|0x0000000080200000, 0x0000000080300000, 0x0000000080300000|100%| O|  |TAMS 0x0000000080300000, 0x0000000080200000| Untracked 
|   3|0x0000000080300000, 0x0000000080400000, 0x0000000080400000|100%|HS|  |TAMS 0x0000000080400000, 0x0000000080300000| Complete 
|   4|0x0000000080400000, 0x0000000080500000, 0x0000000080500000|100%|HC|  |TAMS 0x0000000080500000, 0x0000000080400000| Complete 
|   5|0x0000000080500000, 0x0000000080600000, 0x0000000080600000|100%|HC|  |TAMS 0x0000000080600000, 0x0000000080500000| Complete 
|   6|0x0000000080600000, 0x0000000080700000, 0x0000000080700000|100%| O|  |TAMS 0x0000000080700000, 0x0000000080600000| Untracked 
|   7|0x0000000080700000, 0x0000000080800000, 0x0000000080800000|100%| O|  |TAMS 0x0000000080800000, 0x0000000080700000| Untracked 
|   8|0x0000000080800000, 0x0000000080900000, 0x0000000080900000|100%| O|  |TAMS 0x0000000080900000, 0x0000000080800000| Untracked 
|   9|0x0000000080900000, 0x0000000080a00000, 0x0000000080a00000|100%| O|  |TAMS 0x0000000080a00000, 0x0000000080900000| Untracked 
|  10|0x0000000080a00000, 0x0000000080b00000, 0x0000000080b00000|100%| O|  |TAMS 0x0000000080b00000, 0x0000000080a00000| Untracked 
|  11|0x0000000080b00000, 0x0000000080c00000, 0x0000000080c00000|100%| O|  |TAMS 0x0000000080c00000, 0x0000000080b00000| Untracked 
|  12|0x0000000080c00000, 0x0000000080d00000, 0x0000000080d00000|100%| O|  |TAMS 0x0000000080d00000, 0x0000000080c00000| Untracked 
|  13|0x0000000080d00000, 0x0000000080e00000, 0x0000000080e00000|100%| O|  |TAMS 0x0000000080e00000, 0x0000000080d00000| Untracked 
|  14|0x0000000080e00000, 0x0000000080f00000, 0x0000000080f00000|100%| O|  |TAMS 0x0000000080f00000, 0x0000000080e00000| Untracked 
|  15|0x0000000080f00000, 0x0000000081000000, 0x0000000081000000|100%| O|  |TAMS 0x0000000081000000, 0x0000000080f00000| Untracked 
|  16|0x0000000081000000, 0x0000000081100000, 0x0000000081100000|100%| O|  |TAMS 0x0000000081100000, 0x0000000081000000| Untracked 
|  17|0x0000000081100000, 0x0000000081200000, 0x0000000081200000|100%| O|  |TAMS 0x0000000081200000, 0x0000000081100000| Untracked 
|  18|0x0000000081200000, 0x0000000081300000, 0x0000000081300000|100%| O|  |TAMS 0x0000000081300000, 0x0000000081200000| Untracked 
|  19|0x0000000081300000, 0x0000000081400000, 0x0000000081400000|100%| O|  |TAMS 0x0000000081400000, 0x0000000081300000| Untracked 
|  20|0x0000000081400000, 0x0000000081500000, 0x0000000081500000|100%| O|  |TAMS 0x0000000081500000, 0x0000000081400000| Complete 
|  21|0x0000000081500000, 0x0000000081600000, 0x0000000081600000|100%| O|  |TAMS 0x0000000081600000, 0x0000000081500000| Complete 
|  22|0x0000000081600000, 0x0000000081700000, 0x0000000081700000|100%| O|  |TAMS 0x0000000081700000, 0x0000000081600000| Untracked 
|  23|0x0000000081700000, 0x0000000081800000, 0x0000000081800000|100%| O|  |TAMS 0x0000000081800000, 0x0000000081700000| Complete 
|  24|0x0000000081800000, 0x0000000081900000, 0x0000000081900000|100%| O|  |TAMS 0x0000000081900000, 0x0000000081800000| Untracked 
|  25|0x0000000081900000, 0x0000000081a00000, 0x0000000081a00000|100%| O|  |TAMS 0x0000000081a00000, 0x0000000081900000| Untracked 
|  26|0x0000000081a00000, 0x0000000081b00000, 0x0000000081b00000|100%| O|  |TAMS 0x0000000081b00000, 0x0000000081a00000| Untracked 
|  27|0x0000000081b00000, 0x0000000081c00000, 0x0000000081c00000|100%| O|  |TAMS 0x0000000081c00000, 0x0000000081b00000| Untracked 
|  28|0x0000000081c00000, 0x0000000081d00000, 0x0000000081d00000|100%| O|  |TAMS 0x0000000081d00000, 0x0000000081c00000| Untracked 
|  29|0x0000000081d00000, 0x0000000081e00000, 0x0000000081e00000|100%| O|  |TAMS 0x0000000081e00000, 0x0000000081d00000| Untracked 
|  30|0x0000000081e00000, 0x0000000081f00000, 0x0000000081f00000|100%| O|  |TAMS 0x0000000081f00000, 0x0000000081e00000| Untracked 
|  31|0x0000000081f00000, 0x0000000082000000, 0x0000000082000000|100%|HS|  |TAMS 0x0000000082000000, 0x0000000081f00000| Complete 
|  32|0x0000000082000000, 0x0000000082100000, 0x0000000082100000|100%|HS|  |TAMS 0x0000000082100000, 0x0000000082000000| Complete 
|  33|0x0000000082100000, 0x0000000082200000, 0x0000000082200000|100%|HS|  |TAMS 0x0000000082200000, 0x0000000082100000| Complete 
|  34|0x0000000082200000, 0x0000000082300000, 0x0000000082300000|100%|HS|  |TAMS 0x0000000082300000, 0x0000000082200000| Complete 
|  35|0x0000000082300000, 0x0000000082400000, 0x0000000082400000|100%| O|  |TAMS 0x0000000082400000, 0x0000000082300000| Untracked 
|  36|0x0000000082400000, 0x0000000082500000, 0x0000000082500000|100%|HS|  |TAMS 0x0000000082500000, 0x0000000082400000| Complete 
|  37|0x0000000082500000, 0x0000000082600000, 0x0000000082600000|100%|HC|  |TAMS 0x0000000082600000, 0x0000000082500000| Complete 
|  38|0x0000000082600000, 0x0000000082700000, 0x0000000082700000|100%|HC|  |TAMS 0x0000000082700000, 0x0000000082600000| Complete 
|  39|0x0000000082700000, 0x0000000082800000, 0x0000000082800000|100%| O|  |TAMS 0x0000000082800000, 0x0000000082700000| Untracked 
|  40|0x0000000082800000, 0x0000000082900000, 0x0000000082900000|100%| O|  |TAMS 0x0000000082900000, 0x0000000082800000| Untracked 
|  41|0x0000000082900000, 0x0000000082a00000, 0x0000000082a00000|100%| O|  |TAMS 0x0000000082a00000, 0x0000000082900000| Untracked 
|  42|0x0000000082a00000, 0x0000000082b00000, 0x0000000082b00000|100%| O|  |TAMS 0x0000000082b00000, 0x0000000082a00000| Untracked 
|  43|0x0000000082b00000, 0x0000000082c00000, 0x0000000082c00000|100%|HS|  |TAMS 0x0000000082c00000, 0x0000000082b00000| Complete 
|  44|0x0000000082c00000, 0x0000000082d00000, 0x0000000082d00000|100%|HC|  |TAMS 0x0000000082d00000, 0x0000000082c00000| Complete 
|  45|0x0000000082d00000, 0x0000000082e00000, 0x0000000082e00000|100%| O|  |TAMS 0x0000000082e00000, 0x0000000082d00000| Untracked 
|  46|0x0000000082e00000, 0x0000000082f00000, 0x0000000082f00000|100%| O|  |TAMS 0x0000000082f00000, 0x0000000082e00000| Complete 
|  47|0x0000000082f00000, 0x0000000083000000, 0x0000000083000000|100%| O|  |TAMS 0x0000000083000000, 0x0000000082f00000| Untracked 
|  48|0x0000000083000000, 0x0000000083100000, 0x0000000083100000|100%| O|  |TAMS 0x0000000083100000, 0x0000000083000000| Untracked 
|  49|0x0000000083100000, 0x0000000083200000, 0x0000000083200000|100%| O|  |TAMS 0x0000000083200000, 0x0000000083100000| Untracked 
|  50|0x0000000083200000, 0x0000000083300000, 0x0000000083300000|100%| O|  |TAMS 0x0000000083300000, 0x0000000083200000| Untracked 
|  51|0x0000000083300000, 0x0000000083400000, 0x0000000083400000|100%| O|  |TAMS 0x0000000083400000, 0x0000000083300000| Untracked 
|  52|0x0000000083400000, 0x0000000083500000, 0x0000000083500000|100%| O|  |TAMS 0x0000000083500000, 0x0000000083400000| Untracked 
|  53|0x0000000083500000, 0x0000000083600000, 0x0000000083600000|100%| O|  |TAMS 0x0000000083600000, 0x0000000083500000| Untracked 
|  54|0x0000000083600000, 0x0000000083700000, 0x0000000083700000|100%| O|  |TAMS 0x0000000083700000, 0x0000000083600000| Untracked 
|  55|0x0000000083700000, 0x0000000083800000, 0x0000000083800000|100%| O|  |TAMS 0x0000000083800000, 0x0000000083700000| Untracked 
|  56|0x0000000083800000, 0x0000000083900000, 0x0000000083900000|100%| O|  |TAMS 0x0000000083900000, 0x0000000083800000| Untracked 
|  57|0x0000000083900000, 0x0000000083a00000, 0x0000000083a00000|100%| O|  |TAMS 0x0000000083a00000, 0x0000000083900000| Untracked 
|  58|0x0000000083a00000, 0x0000000083b00000, 0x0000000083b00000|100%| O|  |TAMS 0x0000000083b00000, 0x0000000083a00000| Untracked 
|  59|0x0000000083b00000, 0x0000000083c00000, 0x0000000083c00000|100%| O|  |TAMS 0x0000000083c00000, 0x0000000083b00000| Untracked 
|  60|0x0000000083c00000, 0x0000000083d00000, 0x0000000083d00000|100%| O|  |TAMS 0x0000000083d00000, 0x0000000083c00000| Complete 
|  61|0x0000000083d00000, 0x0000000083e00000, 0x0000000083e00000|100%| O|  |TAMS 0x0000000083e00000, 0x0000000083d00000| Complete 
|  62|0x0000000083e00000, 0x0000000083f00000, 0x0000000083f00000|100%| O|  |TAMS 0x0000000083f00000, 0x0000000083e00000| Untracked 
|  63|0x0000000083f00000, 0x0000000084000000, 0x0000000084000000|100%| O|  |TAMS 0x0000000084000000, 0x0000000083f00000| Untracked 
|  64|0x0000000084000000, 0x0000000084100000, 0x0000000084100000|100%| O|  |TAMS 0x0000000084100000, 0x0000000084000000| Complete 
|  65|0x0000000084100000, 0x0000000084200000, 0x0000000084200000|100%| O|  |TAMS 0x0000000084200000, 0x0000000084100000| Complete 
|  66|0x0000000084200000, 0x0000000084300000, 0x0000000084300000|100%| O|  |TAMS 0x0000000084300000, 0x0000000084200000| Untracked 
|  67|0x0000000084300000, 0x0000000084400000, 0x0000000084400000|100%| O|  |TAMS 0x0000000084400000, 0x0000000084300000| Untracked 
|  68|0x0000000084400000, 0x0000000084500000, 0x0000000084500000|100%| O|  |TAMS 0x0000000084500000, 0x0000000084400000| Untracked 
|  69|0x0000000084500000, 0x0000000084600000, 0x0000000084600000|100%| O|  |TAMS 0x0000000084600000, 0x0000000084500000| Complete 
|  70|0x0000000084600000, 0x0000000084700000, 0x0000000084700000|100%| O|  |TAMS 0x0000000084700000, 0x0000000084600000| Untracked 
|  71|0x0000000084700000, 0x0000000084800000, 0x0000000084800000|100%| O|  |TAMS 0x0000000084800000, 0x0000000084700000| Complete 
|  72|0x0000000084800000, 0x0000000084900000, 0x0000000084900000|100%| O|  |TAMS 0x0000000084900000, 0x0000000084800000| Untracked 
|  73|0x0000000084900000, 0x0000000084a00000, 0x0000000084a00000|100%| O|  |TAMS 0x0000000084a00000, 0x0000000084900000| Untracked 
|  74|0x0000000084a00000, 0x0000000084b00000, 0x0000000084b00000|100%| O|  |TAMS 0x0000000084b00000, 0x0000000084a00000| Untracked 
|  75|0x0000000084b00000, 0x0000000084c00000, 0x0000000084c00000|100%| O|  |TAMS 0x0000000084c00000, 0x0000000084b00000| Untracked 
|  76|0x0000000084c00000, 0x0000000084d00000, 0x0000000084d00000|100%| O|  |TAMS 0x0000000084d00000, 0x0000000084c00000| Untracked 
|  77|0x0000000084d00000, 0x0000000084e00000, 0x0000000084e00000|100%| O|  |TAMS 0x0000000084e00000, 0x0000000084d00000| Complete 
|  78|0x0000000084e00000, 0x0000000084f00000, 0x0000000084f00000|100%| O|  |TAMS 0x0000000084f00000, 0x0000000084e00000| Untracked 
|  79|0x0000000084f00000, 0x0000000085000000, 0x0000000085000000|100%| O|  |TAMS 0x0000000085000000, 0x0000000084f00000| Untracked 
|  80|0x0000000085000000, 0x0000000085100000, 0x0000000085100000|100%| O|  |TAMS 0x0000000085100000, 0x0000000085000000| Untracked 
|  81|0x0000000085100000, 0x0000000085200000, 0x0000000085200000|100%| O|  |TAMS 0x0000000085200000, 0x0000000085100000| Untracked 
|  82|0x0000000085200000, 0x0000000085300000, 0x0000000085300000|100%| O|  |TAMS 0x0000000085300000, 0x0000000085200000| Untracked 
|  83|0x0000000085300000, 0x0000000085400000, 0x0000000085400000|100%| O|  |TAMS 0x0000000085400000, 0x0000000085300000| Untracked 
|  84|0x0000000085400000, 0x0000000085500000, 0x0000000085500000|100%| O|  |TAMS 0x0000000085500000, 0x0000000085400000| Untracked 
|  85|0x0000000085500000, 0x0000000085600000, 0x0000000085600000|100%| O|  |TAMS 0x0000000085600000, 0x0000000085500000| Untracked 
|  86|0x0000000085600000, 0x0000000085700000, 0x0000000085700000|100%| O|  |TAMS 0x0000000085700000, 0x0000000085600000| Untracked 
|  87|0x0000000085700000, 0x0000000085800000, 0x0000000085800000|100%| O|  |TAMS 0x0000000085800000, 0x0000000085700000| Complete 
|  88|0x0000000085800000, 0x0000000085800000, 0x0000000085900000|  0%| F|  |TAMS 0x0000000085800000, 0x0000000085800000| Untracked 
|  89|0x0000000085900000, 0x0000000085a00000, 0x0000000085a00000|100%| O|  |TAMS 0x0000000085a00000, 0x0000000085900000| Complete 
|  90|0x0000000085a00000, 0x0000000085b00000, 0x0000000085b00000|100%| O|  |TAMS 0x0000000085b00000, 0x0000000085a00000| Complete 
|  91|0x0000000085b00000, 0x0000000085c00000, 0x0000000085c00000|100%| O|  |TAMS 0x0000000085c00000, 0x0000000085b00000| Complete 
|  92|0x0000000085c00000, 0x0000000085d00000, 0x0000000085d00000|100%| O|  |TAMS 0x0000000085d00000, 0x0000000085c00000| Untracked 
|  93|0x0000000085d00000, 0x0000000085e00000, 0x0000000085e00000|100%| O|  |TAMS 0x0000000085e00000, 0x0000000085d00000| Untracked 
|  94|0x0000000085e00000, 0x0000000085f00000, 0x0000000085f00000|100%| O|  |TAMS 0x0000000085f00000, 0x0000000085e00000| Complete 
|  95|0x0000000085f00000, 0x0000000086000000, 0x0000000086000000|100%| O|  |TAMS 0x0000000086000000, 0x0000000085f00000| Untracked 
|  96|0x0000000086000000, 0x0000000086100000, 0x0000000086100000|100%| O|  |TAMS 0x0000000086100000, 0x0000000086000000| Untracked 
|  97|0x0000000086100000, 0x0000000086200000, 0x0000000086200000|100%| O|  |TAMS 0x0000000086200000, 0x0000000086100000| Untracked 
|  98|0x0000000086200000, 0x0000000086200000, 0x0000000086300000|  0%| F|  |TAMS 0x0000000086200000, 0x0000000086200000| Untracked 
|  99|0x0000000086300000, 0x0000000086400000, 0x0000000086400000|100%| O|  |TAMS 0x0000000086400000, 0x0000000086300000| Complete 
| 100|0x0000000086400000, 0x0000000086500000, 0x0000000086500000|100%| O|  |TAMS 0x0000000086500000, 0x0000000086400000| Complete 
| 101|0x0000000086500000, 0x0000000086600000, 0x0000000086600000|100%| O|  |TAMS 0x0000000086600000, 0x0000000086500000| Untracked 
| 102|0x0000000086600000, 0x0000000086700000, 0x0000000086700000|100%| O|  |TAMS 0x0000000086700000, 0x0000000086600000| Complete 
| 103|0x0000000086700000, 0x0000000086800000, 0x0000000086800000|100%| O|  |TAMS 0x0000000086800000, 0x0000000086700000| Complete 
| 104|0x0000000086800000, 0x0000000086900000, 0x0000000086900000|100%| O|  |TAMS 0x0000000086900000, 0x0000000086800000| Complete 
| 105|0x0000000086900000, 0x0000000086a00000, 0x0000000086a00000|100%| O|  |TAMS 0x0000000086a00000, 0x0000000086900000| Untracked 
| 106|0x0000000086a00000, 0x0000000086b00000, 0x0000000086b00000|100%| O|  |TAMS 0x0000000086b00000, 0x0000000086a00000| Untracked 
| 107|0x0000000086b00000, 0x0000000086c00000, 0x0000000086c00000|100%| O|  |TAMS 0x0000000086c00000, 0x0000000086b00000| Untracked 
| 108|0x0000000086c00000, 0x0000000086d00000, 0x0000000086d00000|100%| O|  |TAMS 0x0000000086d00000, 0x0000000086c00000| Complete 
| 109|0x0000000086d00000, 0x0000000086e00000, 0x0000000086e00000|100%| O|  |TAMS 0x0000000086e00000, 0x0000000086d00000| Complete 
| 110|0x0000000086e00000, 0x0000000086f00000, 0x0000000086f00000|100%| O|  |TAMS 0x0000000086f00000, 0x0000000086e00000| Complete 
| 111|0x0000000086f00000, 0x0000000087000000, 0x0000000087000000|100%| O|  |TAMS 0x0000000087000000, 0x0000000086f00000| Untracked 
| 112|0x0000000087000000, 0x0000000087100000, 0x0000000087100000|100%| O|  |TAMS 0x0000000087100000, 0x0000000087000000| Complete 
| 113|0x0000000087100000, 0x0000000087200000, 0x0000000087200000|100%| O|  |TAMS 0x0000000087200000, 0x0000000087100000| Untracked 
| 114|0x0000000087200000, 0x0000000087300000, 0x0000000087300000|100%| O|  |TAMS 0x0000000087300000, 0x0000000087200000| Complete 
| 115|0x0000000087300000, 0x0000000087400000, 0x0000000087400000|100%| O|  |TAMS 0x0000000087400000, 0x0000000087300000| Untracked 
| 116|0x0000000087400000, 0x000000008748da00, 0x0000000087500000| 55%| O|  |TAMS 0x000000008748da00, 0x0000000087400000| Untracked 
| 117|0x0000000087500000, 0x0000000087500000, 0x0000000087600000|  0%| F|  |TAMS 0x0000000087500000, 0x0000000087500000| Untracked 
| 118|0x0000000087600000, 0x0000000087600000, 0x0000000087700000|  0%| F|  |TAMS 0x0000000087600000, 0x0000000087600000| Untracked 
| 119|0x0000000087700000, 0x0000000087700000, 0x0000000087800000|  0%| F|  |TAMS 0x0000000087700000, 0x0000000087700000| Untracked 
| 120|0x0000000087800000, 0x0000000087800000, 0x0000000087900000|  0%| F|  |TAMS 0x0000000087800000, 0x0000000087800000| Untracked 
| 121|0x0000000087900000, 0x0000000087900000, 0x0000000087a00000|  0%| F|  |TAMS 0x0000000087900000, 0x0000000087900000| Untracked 
| 122|0x0000000087a00000, 0x0000000087a00000, 0x0000000087b00000|  0%| F|  |TAMS 0x0000000087a00000, 0x0000000087a00000| Untracked 
| 123|0x0000000087b00000, 0x0000000087b00000, 0x0000000087c00000|  0%| F|  |TAMS 0x0000000087b00000, 0x0000000087b00000| Untracked 
| 124|0x0000000087c00000, 0x0000000087c00000, 0x0000000087d00000|  0%| F|  |TAMS 0x0000000087c00000, 0x0000000087c00000| Untracked 
| 125|0x0000000087d00000, 0x0000000087d00000, 0x0000000087e00000|  0%| F|  |TAMS 0x0000000087d00000, 0x0000000087d00000| Untracked 
| 126|0x0000000087e00000, 0x0000000087e00000, 0x0000000087f00000|  0%| F|  |TAMS 0x0000000087e00000, 0x0000000087e00000| Untracked 
| 127|0x0000000087f00000, 0x0000000087f00000, 0x0000000088000000|  0%| F|  |TAMS 0x0000000087f00000, 0x0000000087f00000| Untracked 
| 128|0x0000000088000000, 0x0000000088000000, 0x0000000088100000|  0%| F|  |TAMS 0x0000000088000000, 0x0000000088000000| Untracked 
| 129|0x0000000088100000, 0x0000000088100000, 0x0000000088200000|  0%| F|  |TAMS 0x0000000088100000, 0x0000000088100000| Untracked 
| 130|0x0000000088200000, 0x0000000088200000, 0x0000000088300000|  0%| F|  |TAMS 0x0000000088200000, 0x0000000088200000| Untracked 
| 131|0x0000000088300000, 0x0000000088300000, 0x0000000088400000|  0%| F|  |TAMS 0x0000000088300000, 0x0000000088300000| Untracked 
| 132|0x0000000088400000, 0x0000000088400000, 0x0000000088500000|  0%| F|  |TAMS 0x0000000088400000, 0x0000000088400000| Untracked 
| 133|0x0000000088500000, 0x000000008855bc20, 0x0000000088600000| 35%| S|CS|TAMS 0x0000000088500000, 0x0000000088500000| Complete 
| 134|0x0000000088600000, 0x0000000088700000, 0x0000000088700000|100%| S|CS|TAMS 0x0000000088600000, 0x0000000088600000| Complete 
| 135|0x0000000088700000, 0x0000000088700000, 0x0000000088800000|  0%| F|  |TAMS 0x0000000088700000, 0x0000000088700000| Untracked 
| 136|0x0000000088800000, 0x0000000088800000, 0x0000000088900000|  0%| F|  |TAMS 0x0000000088800000, 0x0000000088800000| Untracked 
| 137|0x0000000088900000, 0x0000000088900000, 0x0000000088a00000|  0%| F|  |TAMS 0x0000000088900000, 0x0000000088900000| Untracked 
| 138|0x0000000088a00000, 0x0000000088a00000, 0x0000000088b00000|  0%| F|  |TAMS 0x0000000088a00000, 0x0000000088a00000| Untracked 
| 139|0x0000000088b00000, 0x0000000088b00000, 0x0000000088c00000|  0%| F|  |TAMS 0x0000000088b00000, 0x0000000088b00000| Untracked 
| 140|0x0000000088c00000, 0x0000000088c00000, 0x0000000088d00000|  0%| F|  |TAMS 0x0000000088c00000, 0x0000000088c00000| Untracked 
| 141|0x0000000088d00000, 0x0000000088d00000, 0x0000000088e00000|  0%| F|  |TAMS 0x0000000088d00000, 0x0000000088d00000| Untracked 
| 142|0x0000000088e00000, 0x0000000088e00000, 0x0000000088f00000|  0%| F|  |TAMS 0x0000000088e00000, 0x0000000088e00000| Untracked 
| 143|0x0000000088f00000, 0x0000000088f00000, 0x0000000089000000|  0%| F|  |TAMS 0x0000000088f00000, 0x0000000088f00000| Untracked 
| 144|0x0000000089000000, 0x0000000089000000, 0x0000000089100000|  0%| F|  |TAMS 0x0000000089000000, 0x0000000089000000| Untracked 
| 145|0x0000000089100000, 0x0000000089100000, 0x0000000089200000|  0%| F|  |TAMS 0x0000000089100000, 0x0000000089100000| Untracked 
| 146|0x0000000089200000, 0x0000000089200000, 0x0000000089300000|  0%| F|  |TAMS 0x0000000089200000, 0x0000000089200000| Untracked 
| 147|0x0000000089300000, 0x0000000089300000, 0x0000000089400000|  0%| F|  |TAMS 0x0000000089300000, 0x0000000089300000| Untracked 
| 148|0x0000000089400000, 0x0000000089400000, 0x0000000089500000|  0%| F|  |TAMS 0x0000000089400000, 0x0000000089400000| Untracked 
| 149|0x0000000089500000, 0x0000000089500000, 0x0000000089600000|  0%| F|  |TAMS 0x0000000089500000, 0x0000000089500000| Untracked 
| 150|0x0000000089600000, 0x0000000089600000, 0x0000000089700000|  0%| F|  |TAMS 0x0000000089600000, 0x0000000089600000| Untracked 
| 151|0x0000000089700000, 0x0000000089700000, 0x0000000089800000|  0%| F|  |TAMS 0x0000000089700000, 0x0000000089700000| Untracked 
| 152|0x0000000089800000, 0x0000000089800000, 0x0000000089900000|  0%| F|  |TAMS 0x0000000089800000, 0x0000000089800000| Untracked 
| 153|0x0000000089900000, 0x0000000089900000, 0x0000000089a00000|  0%| F|  |TAMS 0x0000000089900000, 0x0000000089900000| Untracked 
| 154|0x0000000089a00000, 0x0000000089a00000, 0x0000000089b00000|  0%| F|  |TAMS 0x0000000089a00000, 0x0000000089a00000| Untracked 
| 155|0x0000000089b00000, 0x0000000089b00000, 0x0000000089c00000|  0%| F|  |TAMS 0x0000000089b00000, 0x0000000089b00000| Untracked 

Card table byte_map: [0x0000019e2fa20000,0x0000019e2fe20000] _byte_map_base: 0x0000019e2f620000

Marking Bits (Prev, Next): (CMBitMap*) 0x0000019e1c502160, (CMBitMap*) 0x0000019e1c502128
 Prev Bits: [0x0000019e32220000, 0x0000019e34220000)
 Next Bits: [0x0000019e30220000, 0x0000019e32220000)

Polling page: 0x0000019e1ffd0000

Metaspace:

Usage:
  Non-class:     98.37 MB capacity,    96.72 MB ( 98%) used,     1.29 MB (  1%) free+waste,   362.13 KB ( <1%) overhead. 
      Class:     15.48 MB capacity,    14.40 MB ( 93%) used,   941.65 KB (  6%) free+waste,   161.44 KB (  1%) overhead. 
       Both:    113.84 MB capacity,   111.12 MB ( 98%) used,     2.21 MB (  2%) free+waste,   523.56 KB ( <1%) overhead. 

Virtual space:
  Non-class space:      100.00 MB reserved,      98.37 MB ( 98%) committed 
      Class space:        1.00 GB reserved,      15.50 MB (  2%) committed 
             Both:        1.10 GB reserved,     113.87 MB ( 10%) committed 

Chunk freelists:
   Non-Class:  6.00 KB
       Class:  12.00 KB
        Both:  18.00 KB

MaxMetaspaceSize: 17179869184.00 GB
CompressedClassSpaceSize: 1.00 GB

CodeHeap 'non-profiled nmethods': size=120064Kb used=9696Kb max_used=9696Kb free=110367Kb
 bounds [0x0000019e27ab0000, 0x0000019e28430000, 0x0000019e2eff0000]
CodeHeap 'profiled nmethods': size=120000Kb used=41585Kb max_used=41585Kb free=78414Kb
 bounds [0x0000019e20580000, 0x0000019e22e20000, 0x0000019e27ab0000]
CodeHeap 'non-nmethods': size=5696Kb used=2352Kb max_used=2395Kb free=3343Kb
 bounds [0x0000019e1fff0000, 0x0000019e20260000, 0x0000019e20580000]
 total_blobs=17580 nmethods=16585 adapters=905
 compilation: enabled
              stopped_count=0, restarted_count=0
 full_count=0

Compilation events (20 events):
Event: 242.053 Thread 0x0000019e37201800 17031       3       com.android.tools.r8.internal.gI0::t (845 bytes)
Event: 242.082 Thread 0x0000019e37201800 nmethod 17031 0x0000019e22e06110 code [0x0000019e22e06da0, 0x0000019e22e10a68]
Event: 242.107 Thread 0x0000019e37201800 17032       2       com.android.tools.r8.internal.OA0::<init> (14 bytes)
Event: 242.108 Thread 0x0000019e37201800 nmethod 17032 0x0000019e22e13710 code [0x0000019e22e138c0, 0x0000019e22e13ad8]
Event: 242.108 Thread 0x0000019e37201800 17033       2       com.android.tools.r8.internal.MG0::a (102 bytes)
Event: 242.111 Thread 0x0000019e37201800 nmethod 17033 0x0000019e22e13b90 code [0x0000019e22e13de0, 0x0000019e22e14458]
Event: 242.131 Thread 0x0000019e37201800 17034       2       com.android.tools.r8.internal.yH0$$Lambda$1394/0x0000000100ebf440::apply (16 bytes)
Event: 242.132 Thread 0x0000019e37201800 nmethod 17034 0x0000019e22e14810 code [0x0000019e22e149c0, 0x0000019e22e14b48]
Event: 242.133 Thread 0x0000019e37201800 17035       2       com.android.tools.r8.internal.dR0::a (10 bytes)
Event: 242.134 Thread 0x0000019e37201800 nmethod 17035 0x0000019e22e14c90 code [0x0000019e22e14e40, 0x0000019e22e15058]
Event: 242.134 Thread 0x0000019e37201800 17037       2       com.android.tools.r8.internal.y41$$Lambda$1167/0x0000000100e1f840::get$Lambda (9 bytes)
Event: 242.135 Thread 0x0000019e37201800 nmethod 17037 0x0000019e22e15110 code [0x0000019e22e152c0, 0x0000019e22e15438]
Event: 242.135 Thread 0x0000019e37201800 17036       2       com.android.tools.r8.internal.cR0::<init> (15 bytes)
Event: 242.135 Thread 0x0000019e37201800 nmethod 17036 0x0000019e22e15510 code [0x0000019e22e156c0, 0x0000019e22e15858]
Event: 242.135 Thread 0x0000019e37201800 17038       2       com.android.tools.r8.graph.p0::a (18 bytes)
Event: 242.136 Thread 0x0000019e37201800 nmethod 17038 0x0000019e22e15910 code [0x0000019e22e15ae0, 0x0000019e22e15c78]
Event: 242.136 Thread 0x0000019e37201800 17039       2       java.util.Collections$CopiesList::toArray (68 bytes)
Event: 242.138 Thread 0x0000019e37201800 nmethod 17039 0x0000019e22e15d90 code [0x0000019e22e15fa0, 0x0000019e22e164f8]
Event: 242.141 Thread 0x0000019e37201800 17040       2       com.android.tools.r8.graph.n2::a (2441 bytes)
Event: 242.153 Thread 0x0000019e37201800 nmethod 17040 0x0000019e22e16810 code [0x0000019e22e17120, 0x0000019e22e1b2c8]

GC Heap History (20 events):
Event: 237.349 GC heap after
{Heap after GC invocations=149 (full 0):
 garbage-first heap   total 159744K, used 119082K [0x0000000080000000, 0x0000000100000000)
  region size 1024K, 2 young (2048K), 2 survivors (2048K)
 Metaspace       used 113588K, capacity 116421K, committed 116604K, reserved 1150976K
  class space    used 14737K, capacity 15850K, committed 15872K, reserved 1048576K
}
Event: 237.782 GC heap before
{Heap before GC invocations=150 (full 0):
 garbage-first heap   total 159744K, used 138538K [0x0000000080000000, 0x0000000100000000)
  region size 1024K, 21 young (21504K), 2 survivors (2048K)
 Metaspace       used 113613K, capacity 116433K, committed 116604K, reserved 1150976K
  class space    used 14742K, capacity 15854K, committed 15872K, reserved 1048576K
}
Event: 237.795 GC heap after
{Heap after GC invocations=151 (full 0):
 garbage-first heap   total 159744K, used 119234K [0x0000000080000000, 0x0000000100000000)
  region size 1024K, 2 young (2048K), 2 survivors (2048K)
 Metaspace       used 113613K, capacity 116433K, committed 116604K, reserved 1150976K
  class space    used 14742K, capacity 15854K, committed 15872K, reserved 1048576K
}
Event: 237.913 GC heap before
{Heap before GC invocations=151 (full 0):
 garbage-first heap   total 159744K, used 123330K [0x0000000080000000, 0x0000000100000000)
  region size 1024K, 7 young (7168K), 2 survivors (2048K)
 Metaspace       used 113615K, capacity 116433K, committed 116604K, reserved 1150976K
  class space    used 14742K, capacity 15854K, committed 15872K, reserved 1048576K
}
Event: 237.927 GC heap after
{Heap after GC invocations=152 (full 0):
 garbage-first heap   total 159744K, used 118301K [0x0000000080000000, 0x0000000100000000)
  region size 1024K, 1 young (1024K), 1 survivors (1024K)
 Metaspace       used 113615K, capacity 116433K, committed 116604K, reserved 1150976K
  class space    used 14742K, capacity 15854K, committed 15872K, reserved 1048576K
}
Event: 238.302 GC heap before
{Heap before GC invocations=152 (full 0):
 garbage-first heap   total 159744K, used 137757K [0x0000000080000000, 0x0000000100000000)
  region size 1024K, 20 young (20480K), 1 survivors (1024K)
 Metaspace       used 113624K, capacity 116434K, committed 116604K, reserved 1150976K
  class space    used 14742K, capacity 15854K, committed 15872K, reserved 1048576K
}
Event: 238.316 GC heap after
{Heap after GC invocations=153 (full 0):
 garbage-first heap   total 159744K, used 118657K [0x0000000080000000, 0x0000000100000000)
  region size 1024K, 1 young (1024K), 1 survivors (1024K)
 Metaspace       used 113624K, capacity 116434K, committed 116604K, reserved 1150976K
  class space    used 14742K, capacity 15854K, committed 15872K, reserved 1048576K
}
Event: 238.731 GC heap before
{Heap before GC invocations=153 (full 0):
 garbage-first heap   total 159744K, used 138113K [0x0000000080000000, 0x0000000100000000)
  region size 1024K, 20 young (20480K), 1 survivors (1024K)
 Metaspace       used 113639K, capacity 116434K, committed 116604K, reserved 1150976K
  class space    used 14742K, capacity 15854K, committed 15872K, reserved 1048576K
}
Event: 238.740 GC heap after
{Heap after GC invocations=154 (full 0):
 garbage-first heap   total 159744K, used 119099K [0x0000000080000000, 0x0000000100000000)
  region size 1024K, 2 young (2048K), 2 survivors (2048K)
 Metaspace       used 113639K, capacity 116434K, committed 116604K, reserved 1150976K
  class space    used 14742K, capacity 15854K, committed 15872K, reserved 1048576K
}
Event: 239.509 GC heap before
{Heap before GC invocations=154 (full 0):
 garbage-first heap   total 159744K, used 137531K [0x0000000080000000, 0x0000000100000000)
  region size 1024K, 20 young (20480K), 2 survivors (2048K)
 Metaspace       used 113613K, capacity 116361K, committed 116604K, reserved 1150976K
  class space    used 14728K, capacity 15829K, committed 15872K, reserved 1048576K
}
Event: 239.518 GC heap after
{Heap after GC invocations=155 (full 0):
 garbage-first heap   total 159744K, used 118508K [0x0000000080000000, 0x0000000100000000)
  region size 1024K, 1 young (1024K), 1 survivors (1024K)
 Metaspace       used 113613K, capacity 116361K, committed 116604K, reserved 1150976K
  class space    used 14728K, capacity 15829K, committed 15872K, reserved 1048576K
}
Event: 240.189 GC heap before
{Heap before GC invocations=156 (full 0):
 garbage-first heap   total 159744K, used 137964K [0x0000000080000000, 0x0000000100000000)
  region size 1024K, 20 young (20480K), 1 survivors (1024K)
 Metaspace       used 113652K, capacity 116464K, committed 116604K, reserved 1150976K
  class space    used 14736K, capacity 15843K, committed 15872K, reserved 1048576K
}
Event: 240.202 GC heap after
{Heap after GC invocations=157 (full 0):
 garbage-first heap   total 159744K, used 118642K [0x0000000080000000, 0x0000000100000000)
  region size 1024K, 1 young (1024K), 1 survivors (1024K)
 Metaspace       used 113652K, capacity 116464K, committed 116604K, reserved 1150976K
  class space    used 14736K, capacity 15843K, committed 15872K, reserved 1048576K
}
Event: 240.428 GC heap before
{Heap before GC invocations=157 (full 0):
 garbage-first heap   total 159744K, used 124786K [0x0000000080000000, 0x0000000100000000)
  region size 1024K, 7 young (7168K), 1 survivors (1024K)
 Metaspace       used 113671K, capacity 116464K, committed 116604K, reserved 1150976K
  class space    used 14742K, capacity 15843K, committed 15872K, reserved 1048576K
}
Event: 240.447 GC heap after
{Heap after GC invocations=158 (full 0):
 garbage-first heap   total 159744K, used 118326K [0x0000000080000000, 0x0000000100000000)
  region size 1024K, 1 young (1024K), 1 survivors (1024K)
 Metaspace       used 113671K, capacity 116464K, committed 116604K, reserved 1150976K
  class space    used 14742K, capacity 15843K, committed 15872K, reserved 1048576K
}
Event: 240.793 GC heap before
{Heap before GC invocations=158 (full 0):
 garbage-first heap   total 159744K, used 136758K [0x0000000080000000, 0x0000000100000000)
  region size 1024K, 20 young (20480K), 1 survivors (1024K)
 Metaspace       used 113698K, capacity 116478K, committed 116604K, reserved 1150976K
  class space    used 14744K, capacity 15847K, committed 15872K, reserved 1048576K
}
Event: 240.803 GC heap after
{Heap after GC invocations=159 (full 0):
 garbage-first heap   total 159744K, used 118088K [0x0000000080000000, 0x0000000100000000)
  region size 1024K, 1 young (1024K), 1 survivors (1024K)
 Metaspace       used 113698K, capacity 116478K, committed 116604K, reserved 1150976K
  class space    used 14744K, capacity 15847K, committed 15872K, reserved 1048576K
}
Event: 241.429 GC heap before
{Heap before GC invocations=159 (full 0):
 garbage-first heap   total 159744K, used 137544K [0x0000000080000000, 0x0000000100000000)
  region size 1024K, 20 young (20480K), 1 survivors (1024K)
 Metaspace       used 113731K, capacity 116485K, committed 116604K, reserved 1150976K
  class space    used 14744K, capacity 15847K, committed 15872K, reserved 1048576K
}
Event: 241.437 GC heap after
{Heap after GC invocations=160 (full 0):
 garbage-first heap   total 159744K, used 117915K [0x0000000080000000, 0x0000000100000000)
  region size 1024K, 1 young (1024K), 1 survivors (1024K)
 Metaspace       used 113731K, capacity 116485K, committed 116604K, reserved 1150976K
  class space    used 14744K, capacity 15847K, committed 15872K, reserved 1048576K
}
Event: 242.228 GC heap before
{Heap before GC invocations=161 (full 0):
 garbage-first heap   total 159744K, used 138395K [0x0000000080000000, 0x0000000100000000)
  region size 1024K, 21 young (21504K), 1 survivors (1024K)
 Metaspace       used 113791K, capacity 116575K, committed 116604K, reserved 1150976K
  class space    used 14745K, capacity 15849K, committed 15872K, reserved 1048576K
}

Deoptimization events (20 events):
Event: 240.883 Thread 0x0000019e3b2c3800 DEOPT PACKING pc=0x0000019e229339ad sp=0x000000337b2f9bb0
Event: 240.883 Thread 0x0000019e3b2c3800 DEOPT UNPACKING pc=0x0000019e200166bf sp=0x000000337b2f9050 mode 0
Event: 241.004 Thread 0x0000019e39aef000 Uncommon trap: trap_request=0xffffff7e fr.pc=0x0000019e2841b754 relative=0x00000000000031d4
Event: 241.004 Thread 0x0000019e39aef000 Uncommon trap: reason=predicate action=maybe_recompile pc=0x0000019e2841b754 method=com.android.tools.r8.internal.pe1.a(Lcom/android/tools/r8/internal/SR0;Ljava/util/Set;)Z @ 337 c2
Event: 241.004 Thread 0x0000019e39aef000 DEOPT PACKING pc=0x0000019e2841b754 sp=0x000000337c6f8ee0
Event: 241.004 Thread 0x0000019e39aef000 DEOPT UNPACKING pc=0x0000019e200162a9 sp=0x000000337c6f8f38 mode 2
Event: 241.049 Thread 0x0000019e37f89000 Uncommon trap: trap_request=0xffffff4d fr.pc=0x0000019e28374b10 relative=0x0000000000000230
Event: 241.049 Thread 0x0000019e37f89000 Uncommon trap: reason=unstable_if action=reinterpret pc=0x0000019e28374b10 method=com.android.tools.r8.ir.regalloc.c.compareTo(Ljava/lang/Object;)I @ 80 c2
Event: 241.049 Thread 0x0000019e37f89000 DEOPT PACKING pc=0x0000019e28374b10 sp=0x000000337d4f8ac0
Event: 241.049 Thread 0x0000019e37f89000 DEOPT UNPACKING pc=0x0000019e200162a9 sp=0x000000337d4f8a58 mode 2
Event: 241.089 Thread 0x0000019e37f89000 DEOPT PACKING pc=0x0000019e223bf96e sp=0x000000337d4f90c0
Event: 241.089 Thread 0x0000019e37f89000 DEOPT UNPACKING pc=0x0000019e200166bf sp=0x000000337d4f8570 mode 0
Event: 241.571 Thread 0x0000019e37f89000 DEOPT PACKING pc=0x0000019e223fdee1 sp=0x000000337d4f8e90
Event: 241.571 Thread 0x0000019e37f89000 DEOPT UNPACKING pc=0x0000019e200166bf sp=0x000000337d4f83d0 mode 0
Event: 241.660 Thread 0x0000019e39aef000 DEOPT PACKING pc=0x0000019e229063f0 sp=0x000000337c6fa990
Event: 241.660 Thread 0x0000019e39aef000 DEOPT UNPACKING pc=0x0000019e200166bf sp=0x000000337c6f9ed0 mode 0
Event: 242.138 Thread 0x0000019e37f82800 Uncommon trap: trap_request=0xffffff4d fr.pc=0x0000019e28318cbc relative=0x00000000000061fc
Event: 242.138 Thread 0x0000019e37f82800 Uncommon trap: reason=unstable_if action=reinterpret pc=0x0000019e28318cbc method=com.android.tools.r8.graph.n2.a(I)V @ 712 c2
Event: 242.138 Thread 0x0000019e37f82800 DEOPT PACKING pc=0x0000019e28318cbc sp=0x000000337cdf8e30
Event: 242.138 Thread 0x0000019e37f82800 DEOPT UNPACKING pc=0x0000019e200162a9 sp=0x000000337cdf8e10 mode 2

Classes redefined (0 events):
No events

Internal exceptions (20 events):
Event: 233.653 Thread 0x0000019e37f82800 Exception <a 'sun/nio/fs/WindowsException'{0x0000000089bb87d0}> (0x0000000089bb87d0) thrown at [./src/hotspot/share/prims/jni.cpp, line 615]
Event: 235.249 Thread 0x0000019e3b2c3800 Exception <a 'sun/nio/fs/WindowsException'{0x0000000088dfbb20}> (0x0000000088dfbb20) thrown at [./src/hotspot/share/prims/jni.cpp, line 615]
Event: 235.263 Thread 0x0000019e39aef000 Exception <a 'sun/nio/fs/WindowsException'{0x00000000889057a8}> (0x00000000889057a8) thrown at [./src/hotspot/share/prims/jni.cpp, line 615]
Event: 236.109 Thread 0x0000019e37f82800 Exception <a 'sun/nio/fs/WindowsException'{0x0000000088e58748}> (0x0000000088e58748) thrown at [./src/hotspot/share/prims/jni.cpp, line 615]
Event: 236.265 Thread 0x0000019e3b2c3800 Exception <a 'sun/nio/fs/WindowsException'{0x00000000887cb4b0}> (0x00000000887cb4b0) thrown at [./src/hotspot/share/prims/jni.cpp, line 615]
Event: 236.783 Thread 0x0000019e37f82800 Exception <a 'sun/nio/fs/WindowsException'{0x00000000891aeb00}> (0x00000000891aeb00) thrown at [./src/hotspot/share/prims/jni.cpp, line 615]
Event: 236.875 Thread 0x0000019e3b2c3800 Exception <a 'sun/nio/fs/WindowsException'{0x00000000890e2908}> (0x00000000890e2908) thrown at [./src/hotspot/share/prims/jni.cpp, line 615]
Event: 237.002 Thread 0x0000019e39aef000 Exception <a 'sun/nio/fs/WindowsException'{0x0000000088ed89e0}> (0x0000000088ed89e0) thrown at [./src/hotspot/share/prims/jni.cpp, line 615]
Event: 238.185 Thread 0x0000019e37f82800 Exception <a 'sun/nio/fs/WindowsException'{0x0000000088e7cde0}> (0x0000000088e7cde0) thrown at [./src/hotspot/share/prims/jni.cpp, line 615]
Event: 238.319 Thread 0x0000019e3b2c3800 Exception <a 'sun/nio/fs/WindowsException'{0x0000000089b2ef30}> (0x0000000089b2ef30) thrown at [./src/hotspot/share/prims/jni.cpp, line 615]
Event: 238.681 Thread 0x0000019e3b2c3800 Exception <a 'sun/nio/fs/WindowsException'{0x0000000088b8fa40}> (0x0000000088b8fa40) thrown at [./src/hotspot/share/prims/jni.cpp, line 615]
Event: 238.833 Thread 0x0000019e37f82800 Exception <a 'sun/nio/fs/WindowsException'{0x0000000089987a38}> (0x0000000089987a38) thrown at [./src/hotspot/share/prims/jni.cpp, line 615]
Event: 239.765 Thread 0x0000019e37f89000 Exception <a 'java/lang/NoSuchMethodError'{0x00000000892ce630}: 'int java.lang.invoke.DirectMethodHandle$Holder.invokeInterface(java.lang.Object, java.lang.Object, int)'> (0x00000000892ce630) thrown at [./src/hotspot/share/interpreter/linkResolver.cpp, line 773]
Event: 240.272 Thread 0x0000019e3b2c3800 Exception <a 'sun/nio/fs/WindowsException'{0x0000000089b285d8}> (0x0000000089b285d8) thrown at [./src/hotspot/share/prims/jni.cpp, line 615]
Event: 240.273 Thread 0x0000019e37f82800 Exception <a 'sun/nio/fs/WindowsException'{0x0000000089bf1e60}> (0x0000000089bf1e60) thrown at [./src/hotspot/share/prims/jni.cpp, line 615]
Event: 240.689 Thread 0x0000019e37f82800 Exception <a 'sun/nio/fs/WindowsException'{0x00000000891da5e8}> (0x00000000891da5e8) thrown at [./src/hotspot/share/prims/jni.cpp, line 615]
Event: 240.901 Thread 0x0000019e3b2c3800 Exception <a 'sun/nio/fs/WindowsException'{0x0000000089961430}> (0x0000000089961430) thrown at [./src/hotspot/share/prims/jni.cpp, line 615]
Event: 241.805 Thread 0x0000019e39aef000 Exception <a 'sun/nio/fs/WindowsException'{0x0000000089434fc0}> (0x0000000089434fc0) thrown at [./src/hotspot/share/prims/jni.cpp, line 615]
Event: 242.091 Thread 0x0000019e3b2c3800 Exception <a 'sun/nio/fs/WindowsException'{0x00000000891aa5d0}> (0x00000000891aa5d0) thrown at [./src/hotspot/share/prims/jni.cpp, line 615]
Event: 242.123 Thread 0x0000019e37f82800 Exception <a 'sun/nio/fs/WindowsException'{0x0000000088f71c38}> (0x0000000088f71c38) thrown at [./src/hotspot/share/prims/jni.cpp, line 615]

Events (20 events):
Event: 240.709 loading class com/android/tools/r8/internal/Rb1 done
Event: 240.711 loading class com/android/tools/r8/internal/Rb1
Event: 240.711 loading class com/android/tools/r8/internal/Rb1 done
Event: 240.711 loading class com/android/tools/r8/internal/Rb1
Event: 240.711 loading class com/android/tools/r8/internal/Rb1 done
Event: 240.713 loading class com/android/tools/r8/internal/VR0
Event: 240.713 loading class com/android/tools/r8/internal/VR0 done
Event: 240.713 loading class com/android/tools/r8/internal/Rb1
Event: 240.713 loading class com/android/tools/r8/internal/Rb1 done
Event: 240.713 loading class com/android/tools/r8/internal/fS0
Event: 240.713 loading class com/android/tools/r8/internal/fS0 done
Event: 240.792 Executing VM operation: G1CollectForAllocation
Event: 240.803 Executing VM operation: G1CollectForAllocation done
Event: 241.428 Executing VM operation: G1CollectForAllocation
Event: 241.437 Executing VM operation: G1CollectForAllocation done
Event: 241.587 Executing VM operation: CGC_Operation
Event: 241.643 Executing VM operation: CGC_Operation done
Event: 242.070 Executing VM operation: CGC_Operation
Event: 242.074 Executing VM operation: CGC_Operation done
Event: 242.228 Executing VM operation: G1CollectForAllocation


Dynamic libraries:
0x00007ff6ca6c0000 - 0x00007ff6ca6ca000 	D:\Alondra\programs\Android Studio\jre\bin\java.exe
0x00007ffe10510000 - 0x00007ffe106d1000 	C:\Windows\SYSTEM32\ntdll.dll
0x00007ffe0e080000 - 0x00007ffe0e12d000 	C:\Windows\system32\KERNEL32.DLL
0x00007ffe0d4f0000 - 0x00007ffe0d6d8000 	C:\Windows\system32\KERNELBASE.dll
0x00007ffe0a9d0000 - 0x00007ffe0a9e9000 	D:\Alondra\programs\Android Studio\jre\bin\jli.dll
0x00007ffe0de00000 - 0x00007ffe0df56000 	C:\Windows\system32\USER32.dll
0x00007ffe0ed60000 - 0x00007ffe0eee6000 	C:\Windows\system32\GDI32.dll
0x00007ffe06b60000 - 0x00007ffe06b77000 	D:\Alondra\programs\Android Studio\jre\bin\VCRUNTIME140.dll
0x00007ffe0bcc0000 - 0x00007ffe0bdb4000 	C:\Windows\SYSTEM32\ucrtbase.dll
0x00007ffdf9890000 - 0x00007ffdf9b04000 	C:\Windows\WinSxS\amd64_microsoft.windows.common-controls_6595b64144ccf1df_6.0.10586.0_none_8c15ae12515e1c22\COMCTL32.dll
0x00007ffe0df60000 - 0x00007ffe0dffd000 	C:\Windows\system32\msvcrt.dll
0x00007ffe0db10000 - 0x00007ffe0dd8d000 	C:\Windows\system32\combase.dll
0x00007ffe0e940000 - 0x00007ffe0ea5c000 	C:\Windows\system32\RPCRT4.dll
0x00007ffe0d6e0000 - 0x00007ffe0d74a000 	C:\Windows\system32\bcryptPrimitives.dll
0x00007ffe0e4d0000 - 0x00007ffe0e50b000 	C:\Windows\system32\IMM32.DLL
0x00007ffdf1260000 - 0x00007ffdf12fd000 	D:\Alondra\programs\Android Studio\jre\bin\msvcp140.dll
0x00007ffdc9260000 - 0x00007ffdc9d35000 	D:\Alondra\programs\Android Studio\jre\bin\server\jvm.dll
0x00007ffe0da60000 - 0x00007ffe0db07000 	C:\Windows\system32\ADVAPI32.dll
0x00007ffe0e000000 - 0x00007ffe0e05b000 	C:\Windows\system32\sechost.dll
0x00007ffe0e240000 - 0x00007ffe0e248000 	C:\Windows\system32\PSAPI.DLL
0x00007ffdfce20000 - 0x00007ffdfce29000 	C:\Windows\SYSTEM32\WSOCK32.dll
0x00007ffe0af80000 - 0x00007ffe0afa3000 	C:\Windows\SYSTEM32\WINMM.dll
0x00007ffe0e460000 - 0x00007ffe0e4cb000 	C:\Windows\system32\WS2_32.dll
0x00007ffdfbbc0000 - 0x00007ffdfbbca000 	C:\Windows\SYSTEM32\VERSION.dll
0x00007ffe0ae20000 - 0x00007ffe0ae4c000 	C:\Windows\SYSTEM32\WINMMBASE.dll
0x00007ffe0d810000 - 0x00007ffe0d853000 	C:\Windows\system32\cfgmgr32.dll
0x00007ffe0cb60000 - 0x00007ffe0cb6f000 	C:\Windows\system32\kernel.appcore.dll
0x00007ffdffce0000 - 0x00007ffdffcf1000 	D:\Alondra\programs\Android Studio\jre\bin\verify.dll
0x00007ffe0a3f0000 - 0x00007ffe0a57c000 	C:\Windows\SYSTEM32\DBGHELP.DLL
0x00007ffdfc380000 - 0x00007ffdfc3a5000 	C:\Windows\SYSTEM32\dbgcore.DLL
0x00007ffdfc350000 - 0x00007ffdfc379000 	D:\Alondra\programs\Android Studio\jre\bin\java.dll
0x00007ffdffcd0000 - 0x00007ffdffcdb000 	D:\Alondra\programs\Android Studio\jre\bin\jimage.dll
0x00007ffdf94e0000 - 0x00007ffdf94f8000 	D:\Alondra\programs\Android Studio\jre\bin\zip.dll
0x00007ffe0efb0000 - 0x00007ffe1050f000 	C:\Windows\system32\SHELL32.dll
0x00007ffe0cea0000 - 0x00007ffe0d4e4000 	C:\Windows\system32\windows.storage.dll
0x00007ffe0eef0000 - 0x00007ffe0ef42000 	C:\Windows\system32\shlwapi.dll
0x00007ffe0d750000 - 0x00007ffe0d805000 	C:\Windows\system32\shcore.dll
0x00007ffe0cb70000 - 0x00007ffe0cbbb000 	C:\Windows\system32\powrprof.dll
0x00007ffe0cb40000 - 0x00007ffe0cb54000 	C:\Windows\system32\profapi.dll
0x00007ffdf21d0000 - 0x00007ffdf21ea000 	D:\Alondra\programs\Android Studio\jre\bin\net.dll
0x00007ffe07330000 - 0x00007ffe073f8000 	C:\Windows\SYSTEM32\WINHTTP.dll
0x00007ffe0c400000 - 0x00007ffe0c45c000 	C:\Windows\system32\mswsock.dll
0x00007ffdf18c0000 - 0x00007ffdf18d4000 	D:\Alondra\programs\Android Studio\jre\bin\nio.dll
0x00007ffdeeea0000 - 0x00007ffdeeec7000 	D:\Alondra\AndroidStudioProjects\native\e1d6ef7f7dcc3fd88c89a11ec53ec762bb8ba0a96d01ffa2cd45eb1d1d8dd5c5\windows-amd64\native-platform.dll
0x00007ffdffcc0000 - 0x00007ffdffcca000 	D:\Alondra\programs\Android Studio\jre\bin\management.dll
0x00007ffdfce40000 - 0x00007ffdfce4d000 	D:\Alondra\programs\Android Studio\jre\bin\management_ext.dll
0x00007ffe0c4b0000 - 0x00007ffe0c4c7000 	C:\Windows\SYSTEM32\CRYPTSP.dll
0x00007ffe0c140000 - 0x00007ffe0c174000 	C:\Windows\system32\rsaenh.dll
0x00007ffe0ca70000 - 0x00007ffe0ca99000 	C:\Windows\SYSTEM32\bcrypt.dll
0x00007ffe0c290000 - 0x00007ffe0c2af000 	C:\Windows\SYSTEM32\USERENV.dll
0x00007ffe0c5d0000 - 0x00007ffe0c5db000 	C:\Windows\SYSTEM32\CRYPTBASE.dll
0x00007ffe05010000 - 0x00007ffe05048000 	C:\Windows\SYSTEM32\IPHLPAPI.DLL
0x00007ffe0e070000 - 0x00007ffe0e078000 	C:\Windows\system32\NSI.dll
0x00007ffe03790000 - 0x00007ffe037a6000 	C:\Windows\SYSTEM32\dhcpcsvc6.DLL
0x00007ffe034e0000 - 0x00007ffe034fa000 	C:\Windows\SYSTEM32\dhcpcsvc.DLL
0x00007ffdf0650000 - 0x00007ffdf0677000 	D:\Alondra\programs\Android Studio\jre\bin\sunec.dll
0x00007ffe0b5a0000 - 0x00007ffe0b64a000 	C:\Windows\SYSTEM32\DNSAPI.dll
0x00007ffdfd2f0000 - 0x00007ffdfd2fa000 	C:\Windows\System32\rasadhlp.dll
0x00007ffe04dc0000 - 0x00007ffe04e27000 	C:\Windows\System32\fwpuclnt.dll
0x00007ffe06b40000 - 0x00007ffe06b5e000 	D:\tmp\native-platform6343267029522727020dir\native-platform.dll
0x00007ffe07970000 - 0x00007ffe07978000 	D:\Alondra\programs\Android Studio\jre\bin\rmi.dll

dbghelp: loaded successfully - version: 4.0.5 - missing functions: none
symbol engine: initialized successfully - sym options: 0x614 - pdb path: .;D:\Alondra\programs\Android Studio\jre\bin;C:\Windows\SYSTEM32;C:\Windows\WinSxS\amd64_microsoft.windows.common-controls_6595b64144ccf1df_6.0.10586.0_none_8c15ae12515e1c22;D:\Alondra\programs\Android Studio\jre\bin\server;D:\Alondra\AndroidStudioProjects\native\e1d6ef7f7dcc3fd88c89a11ec53ec762bb8ba0a96d01ffa2cd45eb1d1d8dd5c5\windows-amd64;D:\tmp\native-platform6343267029522727020dir

VM Arguments:
jvm_args: --add-opens=java.base/java.util=ALL-UNNAMED --add-opens=java.base/java.lang=ALL-UNNAMED --add-opens=java.base/java.lang.invoke=ALL-UNNAMED --add-opens=java.base/java.util=ALL-UNNAMED --add-opens=java.prefs/java.util.prefs=ALL-UNNAMED --add-opens=java.prefs/java.util.prefs=ALL-UNNAMED --add-opens=java.base/java.nio.charset=ALL-UNNAMED --add-opens=java.base/java.net=ALL-UNNAMED --add-opens=java.base/java.util.concurrent.atomic=ALL-UNNAMED -Xmx2048m -Dfile.encoding=UTF-8 -Duser.country=419 -Duser.language=es -Duser.variant 
java_command: org.gradle.launcher.daemon.bootstrap.GradleDaemon 7.2
java_class_path (initial): D:\Alondra\AndroidStudioProjects\wrapper\dists\gradle-7.2-bin\2dnblmf4td7x66yl1d74lt32g\gradle-7.2\lib\gradle-launcher-7.2.jar
Launcher Type: SUN_STANDARD

[Global flags]
     intx CICompilerCount                          = 3                                         {product} {ergonomic}
     uint ConcGCThreads                            = 1                                         {product} {ergonomic}
     uint G1ConcRefinementThreads                  = 4                                         {product} {ergonomic}
   size_t G1HeapRegionSize                         = 1048576                                   {product} {ergonomic}
    uintx GCDrainStackTargetSize                   = 64                                        {product} {ergonomic}
   size_t InitialHeapSize                          = 65011712                                  {product} {ergonomic}
   size_t MarkStackSize                            = 4194304                                   {product} {ergonomic}
   size_t MaxHeapSize                              = 2147483648                                {product} {command line}
   size_t MaxNewSize                               = 1287651328                                {product} {ergonomic}
   size_t MinHeapDeltaBytes                        = 1048576                                   {product} {ergonomic}
    uintx NonNMethodCodeHeapSize                   = 5830732                                {pd product} {ergonomic}
    uintx NonProfiledCodeHeapSize                  = 122913754                              {pd product} {ergonomic}
    uintx ProfiledCodeHeapSize                     = 122913754                              {pd product} {ergonomic}
    uintx ReservedCodeCacheSize                    = 251658240                              {pd product} {ergonomic}
     bool SegmentedCodeCache                       = true                                      {product} {ergonomic}
     bool UseCompressedClassPointers               = true                                 {lp64_product} {ergonomic}
     bool UseCompressedOops                        = true                                 {lp64_product} {ergonomic}
     bool UseG1GC                                  = true                                      {product} {ergonomic}
     bool UseLargePagesIndividualAllocation        = false                                  {pd product} {ergonomic}

Logging:
Log output configuration:
 #0: stdout all=warning uptime,level,tags
 #1: stderr all=off uptime,level,tags

Environment Variables:
JAVA_HOME=D:\Alondra\programs\java\jdk1.8.0_281
PATH=D:\Alondra\programs\python39\Scripts\;D:\Alondra\programs\python39\;C:\Python39\Scripts\;C:\Python39\;C:\Program Files (x86)\Common Files\Oracle\Java\javapath;C:\Windows\system32;C:\Windows;C:\Windows\System32\Wbem;C:\Windows\System32\WindowsPowerShell\v1.0\;C:\Users\Alondra\AppData\Local\Programs\Python\Python39;C:\Users\Alondra\AppData\Local\Programs\Python\Python39\Scripts;C:\Program Files\dotnet\;D:\Alondra\programs\Brackets\command;D:\Alondra\programs\java\jdk1.8.0_281\bin;D:\Alondra\programs\nodejs\;C:\ProgramData\chocolatey\bin;D:\Alondra\programs\Git\cmd;D:\Alondra\programs\PuTTY\;C:\Users\Alondra\AppData\Roaming\Python\Python39\Scripts;C:\Users\Alondra\AppData\Roaming\Python\Python39;D:\Alondra\programs\PostgreSQL\13\bin;D:\Alondra\7° SEMESTRE\4.Lenguajes y Automatas ll\javacc-javacc-7.0.10\scripts;D:\Alondra\7° SEMESTRE\4.Lenguajes y Automatas ll\javacc-javacc-7.0.10\bin;D:\Alondra\programs\XAMPP\php;D:\Alondra\programs\ComposerSetup;D:\Alondra\programs\Pyhon\Scripts\;D:\Alondra\programs\Pyhon\;D:\Alondra\programs\Microsoft VS Code\bin;D:\Alondra\descargas D\curl_7_53_1_openssl_nghttp2_x64;C:\Users\Alondra\.dotnet\tools;C:\Users\Alondra\AppData\Roaming\npm;D:\Alondra\programs\Nmap;C:\Users\Alondra\AppData\Roaming\Python\Python39\Scripts;C:\Users\Alondra\AppData\Roaming\Python\Python39;D:\Alondra\programs\PostgreSQL\13\bin;C:\Users\Alondra\AppData\Roaming\Composer\vendor\bin
USERNAME=Alondra
OS=Windows_NT
PROCESSOR_IDENTIFIER=Intel64 Family 6 Model 92 Stepping 9, GenuineIntel



---------------  S Y S T E M  ---------------

OS: Windows 10 , 64 bit Build 10586 (10.0.10586.0)
OS uptime: 0 days 12:13 hours

CPU:total 4 (initial active 4) (4 cores per cpu, 1 threads per core) family 6 model 92 stepping 9 microcode 0x2a, cmov, cx8, fxsr, mmx, sse, sse2, sse3, ssse3, sse4.1, sse4.2, popcnt, aes, clmul, erms, 3dnowpref, tsc, tscinvbit, sha

Memory: 4k page, system-wide physical 3928M (255M free)
TotalPageFile size 5940M (AvailPageFile size 19M)
current process WorkingSet (physical memory assigned to process): 427M, peak: 436M
current process commit charge ("private bytes"): 518M, peak: 550M

vm_info: OpenJDK 64-Bit Server VM (11.0.11+9-b60-7590822) for windows-amd64 JRE (11.0.11+9-b60-7590822), built on Jul 29 2021 21:43:44 by "builder" with MS VC++ 14.0 (VS2015)

END.
